<?xml version="1.0" encoding="UTF-8"?>
<testsuite xmlns:xsi="http://www.w3.org/2001/XMLSchema-instance" xsi:noNamespaceSchemaLocation="https://maven.apache.org/surefire/maven-surefire-plugin/xsd/surefire-test-report.xsd" name="tolobekov.library.BookTest" time="0.166" tests="9" errors="0" skipped="0" failures="0">
  <properties>
[...]
</properties>
  <testcase name="testToString" classname="tolobekov.library.BookTest" time="0.043"/>
  <testcase name="testUpdateAvailability" classname="tolobekov.library.BookTest" time="0"/>
  <testcase name="testSetAuthor" classname="tolobekov.library.BookTest" time="0.001"/>
  <testcase name="testHashCode" classname="tolobekov.library.BookTest" time="0"/>
  <testcase name="testBookConstructorAndGetters" classname="tolobekov.library.BookTest" time="0"/>
  <testcase name="testEquals" classname="tolobekov.library.BookTest" time="0.001"/>
  <testcase name="testSetIsbn" classname="tolobekov.library.BookTest" time="0.001"/>
  <testcase name="testSetAvailable" classname="tolobekov.library.BookTest" time="0.001"/>
  <testcase name="testSetTitle" classname="tolobekov.library.BookTest" time="0"/>
</testsuite>